{"/Users/sumitmac/Desktop/Srtl/backend/index.js": {"path":"/Users/sumitmac/Desktop/Srtl/backend/index.js","statementMap":{"0":{"start":{"line":2,"column":0},"end":{"line":2,"column":27}},"1":{"start":{"line":5,"column":16},"end":{"line":5,"column":34}},"2":{"start":{"line":6,"column":13},"end":{"line":6,"column":28}},"3":{"start":{"line":7,"column":18},"end":{"line":7,"column":36}},"4":{"start":{"line":10,"column":25},"end":{"line":10,"column":62}},"5":{"start":{"line":11,"column":19},"end":{"line":11,"column":50}},"6":{"start":{"line":14,"column":12},"end":{"line":14,"column":21}},"7":{"start":{"line":17,"column":0},"end":{"line":17,"column":16}},"8":{"start":{"line":18,"column":0},"end":{"line":18,"column":24}},"9":{"start":{"line":21,"column":0},"end":{"line":21,"column":12}},"10":{"start":{"line":24,"column":0},"end":{"line":24,"column":33}},"11":{"start":{"line":25,"column":0},"end":{"line":25,"column":46}},"12":{"start":{"line":28,"column":0},"end":{"line":33,"column":1}},"13":{"start":{"line":29,"column":17},"end":{"line":29,"column":41}},"14":{"start":{"line":30,"column":4},"end":{"line":32,"column":7}},"15":{"start":{"line":31,"column":8},"end":{"line":31,"column":54}},"16":{"start":{"line":36,"column":0},"end":{"line":36,"column":21}}},"fnMap":{"0":{"name":"(anonymous_0)","decl":{"start":{"line":30,"column":21},"end":{"line":30,"column":22}},"loc":{"start":{"line":30,"column":27},"end":{"line":32,"column":5}},"line":30}},"branchMap":{"0":{"loc":{"start":{"line":28,"column":0},"end":{"line":33,"column":1}},"type":"if","locations":[{"start":{"line":28,"column":0},"end":{"line":33,"column":1}},{"start":{},"end":{}}],"line":28},"1":{"loc":{"start":{"line":29,"column":17},"end":{"line":29,"column":41}},"type":"binary-expr","locations":[{"start":{"line":29,"column":17},"end":{"line":29,"column":33}},{"start":{"line":29,"column":37},"end":{"line":29,"column":41}}],"line":29}},"s":{"0":2,"1":2,"2":2,"3":2,"4":2,"5":2,"6":2,"7":2,"8":2,"9":2,"10":2,"11":2,"12":2,"13":0,"14":0,"15":0,"16":2},"f":{"0":0},"b":{"0":[0,2],"1":[0,0]},"_coverageSchema":"1a1c01bbd47fc00a2c39e90264f33305004495a9","hash":"4bcfd9f1a2bf546e65ccea8e96af663b5e5904be"}
,"/Users/sumitmac/Desktop/Srtl/backend/controllers/auth.controllers.js": {"path":"/Users/sumitmac/Desktop/Srtl/backend/controllers/auth.controllers.js","statementMap":{"0":{"start":{"line":2,"column":14},"end":{"line":2,"column":47}},"1":{"start":{"line":3,"column":15},"end":{"line":3,"column":32}},"2":{"start":{"line":4,"column":12},"end":{"line":4,"column":35}},"3":{"start":{"line":6,"column":19},"end":{"line":40,"column":1}},"4":{"start":{"line":7,"column":4},"end":{"line":39,"column":5}},"5":{"start":{"line":8,"column":39},"end":{"line":8,"column":47}},"6":{"start":{"line":11,"column":22},"end":{"line":11,"column":55}},"7":{"start":{"line":12,"column":8},"end":{"line":14,"column":9}},"8":{"start":{"line":13,"column":12},"end":{"line":13,"column":98}},"9":{"start":{"line":17,"column":32},"end":{"line":17,"column":78}},"10":{"start":{"line":18,"column":8},"end":{"line":20,"column":9}},"11":{"start":{"line":19,"column":12},"end":{"line":19,"column":98}},"12":{"start":{"line":24,"column":22},"end":{"line":28,"column":9}},"13":{"start":{"line":30,"column":8},"end":{"line":34,"column":11}},"14":{"start":{"line":37,"column":8},"end":{"line":37,"column":47}},"15":{"start":{"line":38,"column":8},"end":{"line":38,"column":84}},"16":{"start":{"line":42,"column":0},"end":{"line":42,"column":32}}},"fnMap":{"0":{"name":"(anonymous_0)","decl":{"start":{"line":6,"column":19},"end":{"line":6,"column":20}},"loc":{"start":{"line":6,"column":39},"end":{"line":40,"column":1}},"line":6}},"branchMap":{"0":{"loc":{"start":{"line":12,"column":8},"end":{"line":14,"column":9}},"type":"if","locations":[{"start":{"line":12,"column":8},"end":{"line":14,"column":9}},{"start":{},"end":{}}],"line":12},"1":{"loc":{"start":{"line":18,"column":8},"end":{"line":20,"column":9}},"type":"if","locations":[{"start":{"line":18,"column":8},"end":{"line":20,"column":9}},{"start":{},"end":{}}],"line":18}},"s":{"0":2,"1":2,"2":2,"3":2,"4":3,"5":3,"6":3,"7":3,"8":1,"9":2,"10":2,"11":0,"12":2,"13":2,"14":0,"15":0,"16":2},"f":{"0":3},"b":{"0":[1,2],"1":[0,2]},"_coverageSchema":"1a1c01bbd47fc00a2c39e90264f33305004495a9","hash":"35d991921f5ed98475e464f1337c039e6312124f"}
,"/Users/sumitmac/Desktop/Srtl/backend/controllers/inspection.controllers.js": {"path":"/Users/sumitmac/Desktop/Srtl/backend/controllers/inspection.controllers.js","statementMap":{"0":{"start":{"line":1,"column":24},"end":{"line":1,"column":62}},"1":{"start":{"line":2,"column":19},"end":{"line":2,"column":36}},"2":{"start":{"line":3,"column":39},"end":{"line":3,"column":68}},"3":{"start":{"line":4,"column":25},"end":{"line":4,"column":65}},"4":{"start":{"line":6,"column":11},"end":{"line":12,"column":2}},"5":{"start":{"line":14,"column":19},"end":{"line":14,"column":59}},"6":{"start":{"line":16,"column":24},"end":{"line":50,"column":1}},"7":{"start":{"line":17,"column":4},"end":{"line":49,"column":5}},"8":{"start":{"line":18,"column":59},"end":{"line":18,"column":67}},"9":{"start":{"line":20,"column":8},"end":{"line":22,"column":9}},"10":{"start":{"line":21,"column":12},"end":{"line":21,"column":80}},"11":{"start":{"line":24,"column":8},"end":{"line":26,"column":9}},"12":{"start":{"line":25,"column":12},"end":{"line":25,"column":77}},"13":{"start":{"line":29,"column":26},"end":{"line":29,"column":64}},"14":{"start":{"line":30,"column":30},"end":{"line":30,"column":55}},"15":{"start":{"line":33,"column":25},"end":{"line":33,"column":109}},"16":{"start":{"line":34,"column":22},"end":{"line":34,"column":101}},"17":{"start":{"line":36,"column":24},"end":{"line":40,"column":10}},"18":{"start":{"line":42,"column":26},"end":{"line":42,"column":78}},"19":{"start":{"line":43,"column":8},"end":{"line":43,"column":58}},"20":{"start":{"line":47,"column":8},"end":{"line":47,"column":50}},"21":{"start":{"line":48,"column":8},"end":{"line":48,"column":62}},"22":{"start":{"line":52,"column":25},"end":{"line":76,"column":1}},"23":{"start":{"line":53,"column":4},"end":{"line":75,"column":5}},"24":{"start":{"line":54,"column":74},"end":{"line":54,"column":82}},"25":{"start":{"line":56,"column":8},"end":{"line":58,"column":9}},"26":{"start":{"line":57,"column":12},"end":{"line":57,"column":90}},"27":{"start":{"line":61,"column":30},"end":{"line":67,"column":10}},"28":{"start":{"line":69,"column":8},"end":{"line":69,"column":35}},"29":{"start":{"line":70,"column":8},"end":{"line":70,"column":99}},"30":{"start":{"line":73,"column":8},"end":{"line":73,"column":27}},"31":{"start":{"line":74,"column":8},"end":{"line":74,"column":62}},"32":{"start":{"line":78,"column":32},"end":{"line":143,"column":1}},"33":{"start":{"line":79,"column":4},"end":{"line":142,"column":5}},"34":{"start":{"line":81,"column":80},"end":{"line":81,"column":89}},"35":{"start":{"line":82,"column":29},"end":{"line":82,"column":31}},"36":{"start":{"line":85,"column":8},"end":{"line":87,"column":9}},"37":{"start":{"line":86,"column":12},"end":{"line":86,"column":49}},"38":{"start":{"line":90,"column":8},"end":{"line":92,"column":9}},"39":{"start":{"line":91,"column":12},"end":{"line":91,"column":59}},"40":{"start":{"line":95,"column":8},"end":{"line":100,"column":9}},"41":{"start":{"line":96,"column":12},"end":{"line":99,"column":14}},"42":{"start":{"line":103,"column":8},"end":{"line":114,"column":9}},"43":{"start":{"line":104,"column":31},"end":{"line":104,"column":45}},"44":{"start":{"line":105,"column":12},"end":{"line":105,"column":47}},"45":{"start":{"line":107,"column":29},"end":{"line":107,"column":43}},"46":{"start":{"line":108,"column":12},"end":{"line":108,"column":50}},"47":{"start":{"line":110,"column":12},"end":{"line":113,"column":14}},"48":{"start":{"line":117,"column":27},"end":{"line":117,"column":45}},"49":{"start":{"line":118,"column":28},"end":{"line":118,"column":47}},"50":{"start":{"line":119,"column":27},"end":{"line":119,"column":57}},"51":{"start":{"line":122,"column":24},"end":{"line":125,"column":31}},"52":{"start":{"line":128,"column":29},"end":{"line":128,"column":81}},"53":{"start":{"line":131,"column":8},"end":{"line":137,"column":11}},"54":{"start":{"line":140,"column":8},"end":{"line":140,"column":53}},"55":{"start":{"line":141,"column":8},"end":{"line":141,"column":62}},"56":{"start":{"line":145,"column":0},"end":{"line":145,"column":80}}},"fnMap":{"0":{"name":"(anonymous_0)","decl":{"start":{"line":16,"column":24},"end":{"line":16,"column":25}},"loc":{"start":{"line":16,"column":44},"end":{"line":50,"column":1}},"line":16},"1":{"name":"(anonymous_1)","decl":{"start":{"line":52,"column":25},"end":{"line":52,"column":26}},"loc":{"start":{"line":52,"column":45},"end":{"line":76,"column":1}},"line":52},"2":{"name":"(anonymous_2)","decl":{"start":{"line":78,"column":32},"end":{"line":78,"column":33}},"loc":{"start":{"line":78,"column":52},"end":{"line":143,"column":1}},"line":78}},"branchMap":{"0":{"loc":{"start":{"line":20,"column":8},"end":{"line":22,"column":9}},"type":"if","locations":[{"start":{"line":20,"column":8},"end":{"line":22,"column":9}},{"start":{},"end":{}}],"line":20},"1":{"loc":{"start":{"line":20,"column":12},"end":{"line":20,"column":57}},"type":"binary-expr","locations":[{"start":{"line":20,"column":12},"end":{"line":20,"column":22}},{"start":{"line":20,"column":26},"end":{"line":20,"column":38}},{"start":{"line":20,"column":42},"end":{"line":20,"column":57}}],"line":20},"2":{"loc":{"start":{"line":24,"column":8},"end":{"line":26,"column":9}},"type":"if","locations":[{"start":{"line":24,"column":8},"end":{"line":26,"column":9}},{"start":{},"end":{}}],"line":24},"3":{"loc":{"start":{"line":33,"column":25},"end":{"line":33,"column":109}},"type":"cond-expr","locations":[{"start":{"line":33,"column":56},"end":{"line":33,"column":64}},{"start":{"line":33,"column":67},"end":{"line":33,"column":109}}],"line":33},"4":{"loc":{"start":{"line":56,"column":8},"end":{"line":58,"column":9}},"type":"if","locations":[{"start":{"line":56,"column":8},"end":{"line":58,"column":9}},{"start":{},"end":{}}],"line":56},"5":{"loc":{"start":{"line":56,"column":12},"end":{"line":56,"column":78}},"type":"binary-expr","locations":[{"start":{"line":56,"column":12},"end":{"line":56,"column":22}},{"start":{"line":56,"column":26},"end":{"line":56,"column":36}},{"start":{"line":56,"column":40},"end":{"line":56,"column":49}},{"start":{"line":56,"column":53},"end":{"line":56,"column":68}},{"start":{"line":56,"column":72},"end":{"line":56,"column":78}}],"line":56},"6":{"loc":{"start":{"line":81,"column":55},"end":{"line":81,"column":63}},"type":"default-arg","locations":[{"start":{"line":81,"column":62},"end":{"line":81,"column":63}}],"line":81},"7":{"loc":{"start":{"line":81,"column":65},"end":{"line":81,"column":75}},"type":"default-arg","locations":[{"start":{"line":81,"column":73},"end":{"line":81,"column":75}}],"line":81},"8":{"loc":{"start":{"line":85,"column":8},"end":{"line":87,"column":9}},"type":"if","locations":[{"start":{"line":85,"column":8},"end":{"line":87,"column":9}},{"start":{},"end":{}}],"line":85},"9":{"loc":{"start":{"line":90,"column":8},"end":{"line":92,"column":9}},"type":"if","locations":[{"start":{"line":90,"column":8},"end":{"line":92,"column":9}},{"start":{},"end":{}}],"line":90},"10":{"loc":{"start":{"line":95,"column":8},"end":{"line":100,"column":9}},"type":"if","locations":[{"start":{"line":95,"column":8},"end":{"line":100,"column":9}},{"start":{},"end":{}}],"line":95},"11":{"loc":{"start":{"line":103,"column":8},"end":{"line":114,"column":9}},"type":"if","locations":[{"start":{"line":103,"column":8},"end":{"line":114,"column":9}},{"start":{},"end":{}}],"line":103}},"s":{"0":2,"1":2,"2":2,"3":2,"4":2,"5":2,"6":2,"7":3,"8":3,"9":3,"10":1,"11":2,"12":1,"13":1,"14":1,"15":1,"16":1,"17":1,"18":1,"19":1,"20":0,"21":0,"22":2,"23":2,"24":2,"25":2,"26":1,"27":1,"28":1,"29":1,"30":0,"31":0,"32":2,"33":5,"34":5,"35":5,"36":5,"37":3,"38":5,"39":0,"40":5,"41":3,"42":5,"43":0,"44":0,"45":0,"46":0,"47":0,"48":5,"49":5,"50":5,"51":5,"52":5,"53":5,"54":0,"55":0,"56":2},"f":{"0":3,"1":2,"2":5},"b":{"0":[1,2],"1":[3,3,2],"2":[1,1],"3":[1,0],"4":[1,1],"5":[2,2,2,1,1],"6":[3],"7":[3],"8":[3,2],"9":[0,5],"10":[3,2],"11":[0,5]},"_coverageSchema":"1a1c01bbd47fc00a2c39e90264f33305004495a9","hash":"4943bd64dbec1ecc843d3dd1250be401720a0988"}
,"/Users/sumitmac/Desktop/Srtl/backend/db/db.js": {"path":"/Users/sumitmac/Desktop/Srtl/backend/db/db.js","statementMap":{"0":{"start":{"line":1,"column":17},"end":{"line":1,"column":36}},"1":{"start":{"line":4,"column":18},"end":{"line":11,"column":1}},"2":{"start":{"line":5,"column":4},"end":{"line":10,"column":5}},"3":{"start":{"line":6,"column":27},"end":{"line":6,"column":102}},"4":{"start":{"line":7,"column":8},"end":{"line":7,"column":66}},"5":{"start":{"line":9,"column":8},"end":{"line":9,"column":51}},"6":{"start":{"line":13,"column":0},"end":{"line":13,"column":27}}},"fnMap":{"0":{"name":"(anonymous_0)","decl":{"start":{"line":4,"column":18},"end":{"line":4,"column":19}},"loc":{"start":{"line":4,"column":30},"end":{"line":11,"column":1}},"line":4}},"branchMap":{},"s":{"0":2,"1":2,"2":2,"3":2,"4":2,"5":0,"6":2},"f":{"0":2},"b":{},"_coverageSchema":"1a1c01bbd47fc00a2c39e90264f33305004495a9","hash":"c0038ffa1820d0ccead75245bb440a083c241603"}
,"/Users/sumitmac/Desktop/Srtl/backend/middlewares/auth.middlewares.js": {"path":"/Users/sumitmac/Desktop/Srtl/backend/middlewares/auth.middlewares.js","statementMap":{"0":{"start":{"line":1,"column":12},"end":{"line":1,"column":35}},"1":{"start":{"line":3,"column":25},"end":{"line":23,"column":1}},"2":{"start":{"line":4,"column":23},"end":{"line":4,"column":51}},"3":{"start":{"line":5,"column":4},"end":{"line":5,"column":44}},"4":{"start":{"line":6,"column":4},"end":{"line":6,"column":62}},"5":{"start":{"line":8,"column":18},"end":{"line":8,"column":56}},"6":{"start":{"line":9,"column":4},"end":{"line":9,"column":43}},"7":{"start":{"line":10,"column":4},"end":{"line":10,"column":97}},"8":{"start":{"line":12,"column":4},"end":{"line":14,"column":5}},"9":{"start":{"line":13,"column":8},"end":{"line":13,"column":82}},"10":{"start":{"line":16,"column":4},"end":{"line":22,"column":5}},"11":{"start":{"line":17,"column":25},"end":{"line":17,"column":66}},"12":{"start":{"line":18,"column":8},"end":{"line":18,"column":29}},"13":{"start":{"line":19,"column":8},"end":{"line":19,"column":15}},"14":{"start":{"line":21,"column":8},"end":{"line":21,"column":86}},"15":{"start":{"line":25,"column":0},"end":{"line":25,"column":34}}},"fnMap":{"0":{"name":"(anonymous_0)","decl":{"start":{"line":3,"column":25},"end":{"line":3,"column":26}},"loc":{"start":{"line":3,"column":45},"end":{"line":23,"column":1}},"line":3}},"branchMap":{"0":{"loc":{"start":{"line":8,"column":18},"end":{"line":8,"column":56}},"type":"binary-expr","locations":[{"start":{"line":8,"column":18},"end":{"line":8,"column":28}},{"start":{"line":8,"column":32},"end":{"line":8,"column":56}}],"line":8},"1":{"loc":{"start":{"line":10,"column":37},"end":{"line":10,"column":95}},"type":"cond-expr","locations":[{"start":{"line":10,"column":62},"end":{"line":10,"column":76}},{"start":{"line":10,"column":79},"end":{"line":10,"column":95}}],"line":10},"2":{"loc":{"start":{"line":12,"column":4},"end":{"line":14,"column":5}},"type":"if","locations":[{"start":{"line":12,"column":4},"end":{"line":14,"column":5}},{"start":{},"end":{}}],"line":12}},"s":{"0":2,"1":2,"2":2,"3":2,"4":2,"5":2,"6":2,"7":2,"8":2,"9":1,"10":1,"11":1,"12":1,"13":1,"14":0,"15":2},"f":{"0":2},"b":{"0":[2,1],"1":[2,0],"2":[1,1]},"_coverageSchema":"1a1c01bbd47fc00a2c39e90264f33305004495a9","hash":"889847dceb30b7ce0658e9a94dd053df892b358a"}
,"/Users/sumitmac/Desktop/Srtl/backend/models/admin.models.js": {"path":"/Users/sumitmac/Desktop/Srtl/backend/models/admin.models.js","statementMap":{"0":{"start":{"line":1,"column":17},"end":{"line":1,"column":36}},"1":{"start":{"line":3,"column":20},"end":{"line":14,"column":24}},"2":{"start":{"line":16,"column":0},"end":{"line":16,"column":54}}},"fnMap":{},"branchMap":{},"s":{"0":2,"1":2,"2":2},"f":{},"b":{},"_coverageSchema":"1a1c01bbd47fc00a2c39e90264f33305004495a9","hash":"b02b457f716ebc5c57c4658356a66a25f91be208"}
,"/Users/sumitmac/Desktop/Srtl/backend/models/inspection.models.js": {"path":"/Users/sumitmac/Desktop/Srtl/backend/models/inspection.models.js","statementMap":{"0":{"start":{"line":1,"column":17},"end":{"line":1,"column":36}},"1":{"start":{"line":3,"column":26},"end":{"line":30,"column":2}},"2":{"start":{"line":32,"column":0},"end":{"line":32,"column":62}},"3":{"start":{"line":34,"column":0},"end":{"line":34,"column":65}}},"fnMap":{},"branchMap":{},"s":{"0":2,"1":2,"2":2,"3":2},"f":{},"b":{},"_coverageSchema":"1a1c01bbd47fc00a2c39e90264f33305004495a9","hash":"a56211dff3ec433b3641581c238af8942a838407"}
,"/Users/sumitmac/Desktop/Srtl/backend/routes/auth.routes.js": {"path":"/Users/sumitmac/Desktop/Srtl/backend/routes/auth.routes.js","statementMap":{"0":{"start":{"line":2,"column":16},"end":{"line":2,"column":34}},"1":{"start":{"line":3,"column":15},"end":{"line":3,"column":31}},"2":{"start":{"line":4,"column":23},"end":{"line":4,"column":65}},"3":{"start":{"line":5,"column":25},"end":{"line":5,"column":67}},"4":{"start":{"line":6,"column":36},"end":{"line":6,"column":84}},"5":{"start":{"line":10,"column":0},"end":{"line":10,"column":68}},"6":{"start":{"line":12,"column":0},"end":{"line":12,"column":34}},"7":{"start":{"line":14,"column":0},"end":{"line":14,"column":24}}},"fnMap":{},"branchMap":{},"s":{"0":2,"1":2,"2":2,"3":2,"4":2,"5":2,"6":2,"7":2},"f":{},"b":{},"_coverageSchema":"1a1c01bbd47fc00a2c39e90264f33305004495a9","hash":"3cbb9006e1753b83af7fe661a9b74303685955c6"}
,"/Users/sumitmac/Desktop/Srtl/backend/routes/inspection.routes.js": {"path":"/Users/sumitmac/Desktop/Srtl/backend/routes/inspection.routes.js","statementMap":{"0":{"start":{"line":1,"column":16},"end":{"line":1,"column":34}},"1":{"start":{"line":2,"column":15},"end":{"line":2,"column":31}},"2":{"start":{"line":4,"column":69},"end":{"line":4,"column":117}},"3":{"start":{"line":6,"column":0},"end":{"line":6,"column":51}},"4":{"start":{"line":7,"column":0},"end":{"line":7,"column":52}},"5":{"start":{"line":8,"column":0},"end":{"line":8,"column":50}},"6":{"start":{"line":10,"column":0},"end":{"line":10,"column":24}}},"fnMap":{},"branchMap":{},"s":{"0":2,"1":2,"2":2,"3":2,"4":2,"5":2,"6":2},"f":{},"b":{},"_coverageSchema":"1a1c01bbd47fc00a2c39e90264f33305004495a9","hash":"7afe5e04444cefac9037815badb6f4c0363ccbb9"}
}
