TN:
SF:index.js
FN:30,(anonymous_0)
FNF:1
FNH:0
FNDA:0,(anonymous_0)
DA:2,2
DA:5,2
DA:6,2
DA:7,2
DA:10,2
DA:11,2
DA:14,2
DA:17,2
DA:18,2
DA:21,2
DA:24,2
DA:25,2
DA:28,2
DA:29,0
DA:30,0
DA:31,0
DA:36,2
LF:17
LH:14
BRDA:28,0,0,0
BRDA:28,0,1,2
BRDA:29,1,0,0
BRDA:29,1,1,0
BRF:4
BRH:1
end_of_record
TN:
SF:controllers/auth.controllers.js
FN:6,(anonymous_0)
FNF:1
FNH:1
FNDA:3,(anonymous_0)
DA:2,2
DA:3,2
DA:4,2
DA:6,2
DA:7,3
DA:8,3
DA:11,3
DA:12,3
DA:13,1
DA:17,2
DA:18,2
DA:19,0
DA:24,2
DA:30,2
DA:37,0
DA:38,0
DA:42,2
LF:17
LH:14
BRDA:12,0,0,1
BRDA:12,0,1,2
BRDA:18,1,0,0
BRDA:18,1,1,2
BRF:4
BRH:3
end_of_record
TN:
SF:controllers/inspection.controllers.js
FN:16,(anonymous_0)
FN:52,(anonymous_1)
FN:78,(anonymous_2)
FNF:3
FNH:3
FNDA:3,(anonymous_0)
FNDA:2,(anonymous_1)
FNDA:5,(anonymous_2)
DA:1,2
DA:2,2
DA:3,2
DA:4,2
DA:6,2
DA:14,2
DA:16,2
DA:17,3
DA:18,3
DA:20,3
DA:21,1
DA:24,2
DA:25,1
DA:29,1
DA:30,1
DA:33,1
DA:34,1
DA:36,1
DA:42,1
DA:43,1
DA:47,0
DA:48,0
DA:52,2
DA:53,2
DA:54,2
DA:56,2
DA:57,1
DA:61,1
DA:69,1
DA:70,1
DA:73,0
DA:74,0
DA:78,2
DA:79,5
DA:81,5
DA:82,5
DA:85,5
DA:86,3
DA:90,5
DA:91,0
DA:95,5
DA:96,3
DA:103,5
DA:104,0
DA:105,0
DA:107,0
DA:108,0
DA:110,0
DA:117,5
DA:118,5
DA:119,5
DA:122,5
DA:128,5
DA:131,5
DA:140,0
DA:141,0
DA:145,2
LF:57
LH:45
BRDA:20,0,0,1
BRDA:20,0,1,2
BRDA:20,1,0,3
BRDA:20,1,1,3
BRDA:20,1,2,2
BRDA:24,2,0,1
BRDA:24,2,1,1
BRDA:33,3,0,1
BRDA:33,3,1,0
BRDA:56,4,0,1
BRDA:56,4,1,1
BRDA:56,5,0,2
BRDA:56,5,1,2
BRDA:56,5,2,2
BRDA:56,5,3,1
BRDA:56,5,4,1
BRDA:81,6,0,3
BRDA:81,7,0,3
BRDA:85,8,0,3
BRDA:85,8,1,2
BRDA:90,9,0,0
BRDA:90,9,1,5
BRDA:95,10,0,3
BRDA:95,10,1,2
BRDA:103,11,0,0
BRDA:103,11,1,5
BRF:26
BRH:23
end_of_record
TN:
SF:db/db.js
FN:4,(anonymous_0)
FNF:1
FNH:1
FNDA:2,(anonymous_0)
DA:1,2
DA:4,2
DA:5,2
DA:6,2
DA:7,2
DA:9,0
DA:13,2
LF:7
LH:6
BRF:0
BRH:0
end_of_record
TN:
SF:middlewares/auth.middlewares.js
FN:3,(anonymous_0)
FNF:1
FNH:1
FNDA:2,(anonymous_0)
DA:1,2
DA:3,2
DA:4,2
DA:5,2
DA:6,2
DA:8,2
DA:9,2
DA:10,2
DA:12,2
DA:13,1
DA:16,1
DA:17,1
DA:18,1
DA:19,1
DA:21,0
DA:25,2
LF:16
LH:15
BRDA:8,0,0,2
BRDA:8,0,1,1
BRDA:10,1,0,2
BRDA:10,1,1,0
BRDA:12,2,0,1
BRDA:12,2,1,1
BRF:6
BRH:5
end_of_record
TN:
SF:models/admin.models.js
FNF:0
FNH:0
DA:1,2
DA:3,2
DA:16,2
LF:3
LH:3
BRF:0
BRH:0
end_of_record
TN:
SF:models/inspection.models.js
FNF:0
FNH:0
DA:1,2
DA:3,2
DA:32,2
DA:34,2
LF:4
LH:4
BRF:0
BRH:0
end_of_record
TN:
SF:routes/auth.routes.js
FNF:0
FNH:0
DA:2,2
DA:3,2
DA:4,2
DA:5,2
DA:6,2
DA:10,2
DA:12,2
DA:14,2
LF:8
LH:8
BRF:0
BRH:0
end_of_record
TN:
SF:routes/inspection.routes.js
FNF:0
FNH:0
DA:1,2
DA:2,2
DA:4,2
DA:6,2
DA:7,2
DA:8,2
DA:10,2
LF:7
LH:7
BRF:0
BRH:0
end_of_record
